<?xml version="1.0" encoding="UTF-8"?>
<!-- Generated by org.testng.reporters.JUnitXMLReporter -->
<testsuite ignored="0" hostname="MacBook-Pro-Vera.local" failures="0" tests="4" name="Default test" time="0.044" errors="0" timestamp="2021-12-07T12:03:17 EET">
  <testcase classname="com.qa.tests.DemoTest" name="div" time="0.008"/>
  <testcase classname="com.qa.tests.DemoTest" name="multi" time="0.002"/>
  <testcase classname="com.qa.tests.DemoTest" name="sub" time="0.001"/>
  <testcase classname="com.qa.tests.DemoTest" name="sum" time="0.001"/>
</testsuite> <!-- Default test -->
