<?xml version="1.0" encoding="UTF-8"?>
<testng-results ignored="0" total="12" passed="12" failed="0" skipped="0">
  <reporter-output>
  </reporter-output>
  <suite started-at="2021-12-14T11:47:49 EET" name="Test Maven Suit" finished-at="2021-12-14T11:47:49 EET" duration-ms="33">
    <groups>
    </groups>
    <test started-at="2021-12-14T11:47:49 EET" name="Test Maven Suit" finished-at="2021-12-14T11:47:49 EET" duration-ms="33">
      <class name="com.qa.tests.DemoTest">
        <test-method signature="div()[pri:0, instance:com.qa.tests.DemoTest@50caa560]" started-at="2021-12-14T11:47:49 EET" name="div" finished-at="2021-12-14T11:47:49 EET" duration-ms="4" status="PASS">
          <reporter-output>
          </reporter-output>
        </test-method> <!-- div -->
        <test-method signature="multi()[pri:0, instance:com.qa.tests.DemoTest@50caa560]" started-at="2021-12-14T11:47:49 EET" name="multi" finished-at="2021-12-14T11:47:49 EET" duration-ms="0" status="PASS">
          <reporter-output>
          </reporter-output>
        </test-method> <!-- multi -->
        <test-method signature="sum()[pri:0, instance:com.qa.tests.DemoTest@50caa560]" started-at="2021-12-14T11:47:49 EET" name="sum" finished-at="2021-12-14T11:47:49 EET" duration-ms="0" status="PASS">
          <reporter-output>
          </reporter-output>
        </test-method> <!-- sum -->
        <test-method signature="sub()[pri:0, instance:com.qa.tests.DemoTest@50caa560]" started-at="2021-12-14T11:47:49 EET" name="sub" finished-at="2021-12-14T11:47:49 EET" duration-ms="0" status="PASS">
          <reporter-output>
          </reporter-output>
        </test-method> <!-- sub -->
      </class> <!-- com.qa.tests.DemoTest -->
      <class name="com.qa.tests.DemoTest1">
        <test-method signature="div()[pri:0, instance:com.qa.tests.DemoTest1@3c947bc5]" started-at="2021-12-14T11:47:49 EET" name="div" finished-at="2021-12-14T11:47:49 EET" duration-ms="1" status="PASS">
          <reporter-output>
          </reporter-output>
        </test-method> <!-- div -->
        <test-method signature="multi()[pri:0, instance:com.qa.tests.DemoTest1@3c947bc5]" started-at="2021-12-14T11:47:49 EET" name="multi" finished-at="2021-12-14T11:47:49 EET" duration-ms="0" status="PASS">
          <reporter-output>
          </reporter-output>
        </test-method> <!-- multi -->
        <test-method signature="sum()[pri:0, instance:com.qa.tests.DemoTest1@3c947bc5]" started-at="2021-12-14T11:47:49 EET" name="sum" finished-at="2021-12-14T11:47:49 EET" duration-ms="0" status="PASS">
          <reporter-output>
          </reporter-output>
        </test-method> <!-- sum -->
        <test-method signature="sub()[pri:0, instance:com.qa.tests.DemoTest1@3c947bc5]" started-at="2021-12-14T11:47:49 EET" name="sub" finished-at="2021-12-14T11:47:49 EET" duration-ms="0" status="PASS">
          <reporter-output>
          </reporter-output>
        </test-method> <!-- sub -->
      </class> <!-- com.qa.tests.DemoTest1 -->
      <class name="com.qa.tests.DemoTest2">
        <test-method signature="div()[pri:0, instance:com.qa.tests.DemoTest2@609db43b]" started-at="2021-12-14T11:47:49 EET" name="div" finished-at="2021-12-14T11:47:49 EET" duration-ms="0" status="PASS">
          <reporter-output>
          </reporter-output>
        </test-method> <!-- div -->
        <test-method signature="multi()[pri:0, instance:com.qa.tests.DemoTest2@609db43b]" started-at="2021-12-14T11:47:49 EET" name="multi" finished-at="2021-12-14T11:47:49 EET" duration-ms="0" status="PASS">
          <reporter-output>
          </reporter-output>
        </test-method> <!-- multi -->
        <test-method signature="sub()[pri:0, instance:com.qa.tests.DemoTest2@609db43b]" started-at="2021-12-14T11:47:49 EET" name="sub" finished-at="2021-12-14T11:47:49 EET" duration-ms="0" status="PASS">
          <reporter-output>
          </reporter-output>
        </test-method> <!-- sub -->
        <test-method signature="sum()[pri:0, instance:com.qa.tests.DemoTest2@609db43b]" started-at="2021-12-14T11:47:49 EET" name="sum" finished-at="2021-12-14T11:47:49 EET" duration-ms="0" status="PASS">
          <reporter-output>
          </reporter-output>
        </test-method> <!-- sum -->
      </class> <!-- com.qa.tests.DemoTest2 -->
    </test> <!-- Test Maven Suit -->
  </suite> <!-- Test Maven Suit -->
</testng-results>
