<?xml version="1.0" encoding="UTF-8"?>
<!-- Generated by org.testng.reporters.JUnitXMLReporter -->
<testsuite ignored="0" hostname="MacBook-Pro-Vera.local" failures="0" tests="12" name="Test Maven Suit" time="0.033" errors="0" timestamp="2021-12-14T11:47:54 EET">
  <testcase classname="com.qa.tests.DemoTest" name="div" time="0.004"/>
  <testcase classname="com.qa.tests.DemoTest" name="multi" time="0.0"/>
  <testcase classname="com.qa.tests.DemoTest" name="sub" time="0.0"/>
  <testcase classname="com.qa.tests.DemoTest" name="sum" time="0.0"/>
  <testcase classname="com.qa.tests.DemoTest1" name="div" time="0.001"/>
  <testcase classname="com.qa.tests.DemoTest1" name="multi" time="0.0"/>
  <testcase classname="com.qa.tests.DemoTest1" name="sub" time="0.0"/>
  <testcase classname="com.qa.tests.DemoTest1" name="sum" time="0.0"/>
  <testcase classname="com.qa.tests.DemoTest2" name="div" time="0.0"/>
  <testcase classname="com.qa.tests.DemoTest2" name="multi" time="0.0"/>
  <testcase classname="com.qa.tests.DemoTest2" name="sub" time="0.0"/>
  <testcase classname="com.qa.tests.DemoTest2" name="sum" time="0.0"/>
</testsuite> <!-- Test Maven Suit -->
